\BOOKMARK [0][-]{section*.1}{Statement of Authorship}{}% 1
\BOOKMARK [0][-]{section*.3}{Preface}{}% 2
\BOOKMARK [0][-]{section*.5}{Abstract}{}% 3
\BOOKMARK [0][-]{section*.6}{Contents}{}% 4
\BOOKMARK [0][-]{section*.9}{List of Figures}{}% 5
\BOOKMARK [0][-]{section*.11}{List of Tables}{}% 6
\BOOKMARK [0][-]{section*.14}{Abbreviations}{}% 7
\BOOKMARK [0][-]{section*.17}{Notation}{}% 8
\BOOKMARK [0][-]{chapter.1}{Introduction}{}% 9
\BOOKMARK [1][-]{section.1.1}{General}{chapter.1}% 10
\BOOKMARK [2][-]{subsection.1.1.1}{Parkinson's Disease}{section.1.1}% 11
\BOOKMARK [2][-]{subsection.1.1.2}{Anticipatory Postural Adjustments}{section.1.1}% 12
\BOOKMARK [1][-]{section.1.2}{Goals}{chapter.1}% 13
\BOOKMARK [1][-]{section.1.3}{Motivation}{chapter.1}% 14
\BOOKMARK [1][-]{section.1.4}{State of the Art}{chapter.1}% 15
\BOOKMARK [2][-]{subsection.1.4.1}{Rating Scales}{section.1.4}% 16
\BOOKMARK [1][-]{section.1.5}{Some Formulas}{chapter.1}% 17
\BOOKMARK [2][-]{subsection.1.5.1}{Instrumentation}{section.1.5}% 18
\BOOKMARK [3][-]{subsubsection.1.5.1.1}{Electromyographs}{subsection.1.5.1}% 19
\BOOKMARK [3][-]{subsubsection.1.5.1.2}{Force Plates}{subsection.1.5.1}% 20
\BOOKMARK [3][-]{subsubsection.1.5.1.3}{Inertial Measurement Units}{subsection.1.5.1}% 21
\BOOKMARK [2][-]{subsection.1.5.2}{Classification}{section.1.5}% 22
\BOOKMARK [1][-]{section.1.6}{Methodology}{chapter.1}% 23
\BOOKMARK [1][-]{section.1.7}{Document Structure}{chapter.1}% 24
\BOOKMARK [0][-]{chapter.2}{Hardware and Data Preprocessing}{}% 25
\BOOKMARK [1][-]{section.2.1}{GaitWatch}{chapter.2}% 26
\BOOKMARK [1][-]{section.2.2}{Zebris FDM-S}{chapter.2}% 27
\BOOKMARK [1][-]{section.2.3}{Synchronisation}{chapter.2}% 28
\BOOKMARK [0][-]{chapter.3}{Results and Discussion}{}% 29
\BOOKMARK [1][-]{section.3.1}{Results}{chapter.3}% 30
\BOOKMARK [1][-]{section.3.2}{Discussion}{chapter.3}% 31
\BOOKMARK [0][-]{chapter.4}{Conclusion and Future Work}{}% 32
\BOOKMARK [1][-]{section.4.1}{Conclusions}{chapter.4}% 33
\BOOKMARK [1][-]{section.4.2}{Future Work}{chapter.4}% 34
\BOOKMARK [0][-]{section.4.2}{Bibliography}{}% 35
