\BOOKMARK [0][-]{chapter.1}{Introduction}{}% 1
\BOOKMARK [1][-]{section.1.1}{General}{chapter.1}% 2
\BOOKMARK [2][-]{subsection.1.1.1}{Parkinson's Disease}{section.1.1}% 3
\BOOKMARK [2][-]{subsection.1.1.2}{Anticipatory Postural Adjustments}{section.1.1}% 4
\BOOKMARK [1][-]{section.1.2}{Goals}{chapter.1}% 5
\BOOKMARK [1][-]{section.1.3}{Motivation}{chapter.1}% 6
\BOOKMARK [1][-]{section.1.4}{State of the Art}{chapter.1}% 7
\BOOKMARK [2][-]{subsection.1.4.1}{Rating Scales}{section.1.4}% 8
\BOOKMARK [2][-]{subsection.1.4.2}{Instrumentation}{section.1.4}% 9
\BOOKMARK [3][-]{subsubsection.1.4.2.1}{Electromyographs}{subsection.1.4.2}% 10
\BOOKMARK [3][-]{subsubsection.1.4.2.2}{Force Plates}{subsection.1.4.2}% 11
\BOOKMARK [3][-]{subsubsection.1.4.2.3}{Inertial Measurement Units}{subsection.1.4.2}% 12
\BOOKMARK [2][-]{subsection.1.4.3}{Classification}{section.1.4}% 13
\BOOKMARK [1][-]{section.1.5}{Methodology}{chapter.1}% 14
\BOOKMARK [0][-]{chapter.2}{Hardware and Data Preprocessing}{}% 15
\BOOKMARK [1][-]{section.2.1}{GaitWatch}{chapter.2}% 16
\BOOKMARK [1][-]{section.2.2}{Zebris FDM-S}{chapter.2}% 17
\BOOKMARK [1][-]{section.2.3}{Synchronisation}{chapter.2}% 18
\BOOKMARK [0][-]{chapter.3}{Conclusion and Future Work}{}% 19
\BOOKMARK [1][-]{section.3.1}{Conclusions}{chapter.3}% 20
\BOOKMARK [1][-]{section.3.2}{Future Work}{chapter.3}% 21
