\BOOKMARK [0][-]{chapter.1}{The GaitWatch Device}{}% 1
\BOOKMARK [1][-]{section.1.1}{General description}{chapter.1}% 2
\BOOKMARK [1][-]{section.1.2}{Hardware description}{chapter.1}% 3
\BOOKMARK [0][-]{chapter.2}{Initial configuration}{}% 4
\BOOKMARK [1][-]{section.2.1}{Identification of sensor's axes}{chapter.2}% 5
\BOOKMARK [2][-]{subsection.2.1.1}{Identification of Accelerometer's axes}{section.2.1}% 6
\BOOKMARK [2][-]{subsection.2.1.2}{Identification of Gyroscope's axes}{section.2.1}% 7
\BOOKMARK [2][-]{subsection.2.1.3}{Identification of Magnetometer's axes}{section.2.1}% 8
\BOOKMARK [0][-]{chapter.3}{Calibration of sensors}{}% 9
\BOOKMARK [1][-]{subsection.3.0.4}{Accelerometer calibration}{chapter.3}% 10
\BOOKMARK [2][-]{subsection.3.0.5}{Magnetometer calibration}{subsection.3.0.4}% 11
\BOOKMARK [2][-]{subsection.3.0.6}{Gyroscope calibration}{subsection.3.0.4}% 12
\BOOKMARK [2][-]{subsection.3.0.7}{Wrap-up}{subsection.3.0.4}% 13
\BOOKMARK [0][-]{chapter.4}{Computation of Orientation}{}% 14
\BOOKMARK [1][-]{section.4.1}{Computing the orientation using Euler Angles}{chapter.4}% 15
\BOOKMARK [2][-]{subsection.4.1.1}{Integration of angular rate}{section.4.1}% 16
\BOOKMARK [2][-]{subsection.4.1.2}{Decomposition of gravity}{section.4.1}% 17
\BOOKMARK [2][-]{subsection.4.1.3}{Fusing the angular rate with the orientation angle observation computed with the accelerometer}{section.4.1}% 18
\BOOKMARK [3][-]{subsubsection.4.1.3.1}{The Kalman filter}{subsection.4.1.3}% 19
\BOOKMARK [3][-]{subsubsection.4.1.3.2}{The Kalman filter applied to orientation estimation}{subsection.4.1.3}% 20
\BOOKMARK [1][-]{section.4.2}{Quaternion-based orientation determination}{chapter.4}% 21
\BOOKMARK [2][-]{subsection.4.2.1}{Using angular rate to compute orientation}{section.4.2}% 22
\BOOKMARK [2][-]{subsection.4.2.2}{Using acceleration and magnetic field to compute orientation}{section.4.2}% 23
\BOOKMARK [2][-]{subsection.4.2.3}{Fusing the orientation quaternions computed with the angular rate and the acceleration and magnetic field}{section.4.2}% 24
\BOOKMARK [3][-]{subsubsection.4.2.3.1}{The Extended Kalman Filter}{subsection.4.2.3}% 25
\BOOKMARK [3][-]{subsubsection.4.2.3.2}{The Extended Kalman Filter applied to orientation estimation}{subsection.4.2.3}% 26
\BOOKMARK [0][-]{chapter.5}{Experiments}{}% 27
\BOOKMARK [1][-]{section.5.1}{Qualisys optical motion tracker}{chapter.5}% 28
\BOOKMARK [2][-]{subsection.5.1.1}{Computing Euler angles using Qualisys data}{section.5.1}% 29
\BOOKMARK [1][-]{section.5.2}{Qualisys validation experiments}{chapter.5}% 30
\BOOKMARK [2][-]{subsection.5.2.1}{Data gathering protocol}{section.5.2}% 31
\BOOKMARK [1][-]{section.5.3}{Fast Walking}{chapter.5}% 32
\BOOKMARK [1][-]{section.5.4}{Jumping}{chapter.5}% 33
\BOOKMARK [1][-]{section.5.5}{Leg motion}{chapter.5}% 34
\BOOKMARK [1][-]{section.5.6}{Freezing gait}{chapter.5}% 35
\BOOKMARK [1][-]{section.5.7}{Normal gait}{chapter.5}% 36
\BOOKMARK [0][-]{figure.caption.55}{Bibliography}{}% 37
